#! /usr/bin/vvp
:ivl_version "12.0 (stable)";
:ivl_delay_selection "TYPICAL";
:vpi_time_precision + 0;
:vpi_module "/usr/lib/x86_64-linux-gnu/ivl/system.vpi";
:vpi_module "/usr/lib/x86_64-linux-gnu/ivl/vhdl_sys.vpi";
:vpi_module "/usr/lib/x86_64-linux-gnu/ivl/vhdl_textio.vpi";
:vpi_module "/usr/lib/x86_64-linux-gnu/ivl/v2005_math.vpi";
:vpi_module "/usr/lib/x86_64-linux-gnu/ivl/va_math.vpi";
S_0x5606678fe490 .scope module, "digital_stopwatch" "digital_stopwatch" 2 3;
 .timescale 0 0;
    .port_info 0 /INPUT 1 "clk";
    .port_info 1 /INPUT 1 "rst";
    .port_info 2 /INPUT 1 "tick_rst";
    .port_info 3 /INPUT 1 "start_stop";
    .port_info 4 /INPUT 1 "lap";
    .port_info 5 /INPUT 1 "clear";
    .port_info 6 /OUTPUT 16 "time_count";
P_0x5606678fe620 .param/l "S_LAP_HELD" 1 2 39, C4<10>;
P_0x5606678fe660 .param/l "S_RUNNING" 1 2 38, C4<01>;
P_0x5606678fe6a0 .param/l "S_STOPPED" 1 2 37, C4<00>;
P_0x5606678fe6e0 .param/l "TICK_DIV" 0 2 3, +C4<00000010111110101111000010000000>;
L_0x560667929150 .functor NOT 1, v0x56066795c1b0_0, C4<0>, C4<0>, C4<0>;
o0x7fc16cc093a8 .functor BUFZ 1, C4<z>; HiZ drive
L_0x560667929640 .functor AND 1, o0x7fc16cc093a8, L_0x560667929150, C4<1>, C4<1>;
L_0x56066792bb30 .functor NOT 1, v0x56066795bdd0_0, C4<0>, C4<0>, C4<0>;
o0x7fc16cc09288 .functor BUFZ 1, C4<z>; HiZ drive
L_0x56066795c970 .functor AND 1, o0x7fc16cc09288, L_0x56066792bb30, C4<1>, C4<1>;
L_0x56066795cac0 .functor NOT 1, v0x56066795b9e0_0, C4<0>, C4<0>, C4<0>;
o0x7fc16cc091f8 .functor BUFZ 1, C4<z>; HiZ drive
L_0x56066795cb60 .functor AND 1, o0x7fc16cc091f8, L_0x56066795cac0, C4<1>, C4<1>;
v0x56066795b6a0_0 .net *"_ivl_0", 0 0, L_0x560667929150;  1 drivers
v0x56066795b780_0 .net *"_ivl_4", 0 0, L_0x56066792bb30;  1 drivers
v0x56066795b860_0 .net *"_ivl_8", 0 0, L_0x56066795cac0;  1 drivers
v0x56066795b920_0 .net "clear", 0 0, o0x7fc16cc091f8;  0 drivers
v0x56066795b9e0_0 .var "clear_d", 0 0;
v0x56066795baf0_0 .net "clear_pulse", 0 0, L_0x56066795cb60;  1 drivers
o0x7fc16cc09018 .functor BUFZ 1, C4<z>; HiZ drive
v0x56066795bbb0_0 .net "clk", 0 0, o0x7fc16cc09018;  0 drivers
v0x56066795bc50_0 .net "lap", 0 0, o0x7fc16cc09288;  0 drivers
v0x56066795bcf0_0 .var "lap_c", 15 0;
v0x56066795bdd0_0 .var "lap_d", 0 0;
v0x56066795be90_0 .net "lap_pulse", 0 0, L_0x56066795c970;  1 drivers
v0x56066795bf50_0 .var "nxt_state", 1 0;
o0x7fc16cc09378 .functor BUFZ 1, C4<z>; HiZ drive
v0x56066795c030_0 .net "rst", 0 0, o0x7fc16cc09378;  0 drivers
v0x56066795c0f0_0 .net "start_stop", 0 0, o0x7fc16cc093a8;  0 drivers
v0x56066795c1b0_0 .var "start_stop_d", 0 0;
v0x56066795c270_0 .net "start_stop_pulse", 0 0, L_0x560667929640;  1 drivers
v0x56066795c330_0 .var "state", 1 0;
v0x56066795c520_0 .net "tick_en", 0 0, v0x56066795b560_0;  1 drivers
o0x7fc16cc09078 .functor BUFZ 1, C4<z>; HiZ drive
v0x56066795c5c0_0 .net "tick_rst", 0 0, o0x7fc16cc09078;  0 drivers
v0x56066795c660_0 .var "time_c", 15 0;
v0x56066795c700_0 .var "time_count", 15 0;
E_0x56066793a8b0 .event anyedge, v0x56066795c660_0, v0x56066795c330_0, v0x56066795bcf0_0;
E_0x56066793a950 .event anyedge, v0x56066795c330_0, v0x56066795c270_0, v0x56066795baf0_0, v0x56066795be90_0;
S_0x5606679390d0 .scope module, "tdr" "tick_divider" 2 30, 3 1 0, S_0x5606678fe490;
 .timescale 0 0;
    .port_info 0 /INPUT 1 "clk";
    .port_info 1 /INPUT 1 "rst";
    .port_info 2 /OUTPUT 1 "tick_en";
P_0x5606679392b0 .param/l "TICK_DIV" 0 3 1, +C4<00000010111110101111000010000000>;
v0x560667929270_0 .net "clk", 0 0, o0x7fc16cc09018;  alias, 0 drivers
v0x560667929760_0 .var "count", 25 0;
v0x56066792bcd0_0 .net "rst", 0 0, o0x7fc16cc09078;  alias, 0 drivers
v0x56066795b560_0 .var "tick_en", 0 0;
E_0x560667922210 .event posedge, v0x560667929270_0;
    .scope S_0x5606679390d0;
T_0 ;
    %wait E_0x560667922210;
    %load/vec4 v0x56066792bcd0_0;
    %flag_set/vec4 8;
    %jmp/0xz  T_0.0, 8;
    %pushi/vec4 0, 0, 26;
    %assign/vec4 v0x560667929760_0, 0;
    %pushi/vec4 0, 0, 1;
    %assign/vec4 v0x56066795b560_0, 0;
    %jmp T_0.1;
T_0.0 ;
    %load/vec4 v0x560667929760_0;
    %pad/u 32;
    %cmpi/e 49999999, 0, 32;
    %jmp/0xz  T_0.2, 4;
    %pushi/vec4 0, 0, 26;
    %assign/vec4 v0x560667929760_0, 0;
    %load/vec4 v0x56066795b560_0;
    %inv;
    %assign/vec4 v0x56066795b560_0, 0;
    %jmp T_0.3;
T_0.2 ;
    %load/vec4 v0x560667929760_0;
    %addi 1, 0, 26;
    %assign/vec4 v0x560667929760_0, 0;
T_0.3 ;
T_0.1 ;
    %jmp T_0;
    .thread T_0;
    .scope S_0x5606678fe490;
T_1 ;
    %wait E_0x560667922210;
    %load/vec4 v0x56066795c0f0_0;
    %assign/vec4 v0x56066795c1b0_0, 0;
    %load/vec4 v0x56066795bc50_0;
    %assign/vec4 v0x56066795bdd0_0, 0;
    %load/vec4 v0x56066795b920_0;
    %assign/vec4 v0x56066795b9e0_0, 0;
    %jmp T_1;
    .thread T_1;
    .scope S_0x5606678fe490;
T_2 ;
    %wait E_0x560667922210;
    %load/vec4 v0x56066795c030_0;
    %flag_set/vec4 8;
    %jmp/0xz  T_2.0, 8;
    %pushi/vec4 0, 0, 2;
    %assign/vec4 v0x56066795c330_0, 0;
    %jmp T_2.1;
T_2.0 ;
    %load/vec4 v0x56066795bf50_0;
    %assign/vec4 v0x56066795c330_0, 0;
T_2.1 ;
    %jmp T_2;
    .thread T_2;
    .scope S_0x5606678fe490;
T_3 ;
    %wait E_0x56066793a950;
    %load/vec4 v0x56066795c330_0;
    %dup/vec4;
    %pushi/vec4 0, 0, 2;
    %cmp/u;
    %jmp/1 T_3.0, 6;
    %dup/vec4;
    %pushi/vec4 1, 0, 2;
    %cmp/u;
    %jmp/1 T_3.1, 6;
    %dup/vec4;
    %pushi/vec4 2, 0, 2;
    %cmp/u;
    %jmp/1 T_3.2, 6;
    %pushi/vec4 0, 0, 2;
    %store/vec4 v0x56066795bf50_0, 0, 2;
    %jmp T_3.4;
T_3.0 ;
    %load/vec4 v0x56066795c270_0;
    %flag_set/vec4 8;
    %jmp/0xz  T_3.5, 8;
    %pushi/vec4 1, 0, 2;
    %store/vec4 v0x56066795bf50_0, 0, 2;
    %jmp T_3.6;
T_3.5 ;
    %pushi/vec4 0, 0, 2;
    %store/vec4 v0x56066795bf50_0, 0, 2;
T_3.6 ;
    %jmp T_3.4;
T_3.1 ;
    %load/vec4 v0x56066795c270_0;
    %load/vec4 v0x56066795baf0_0;
    %or;
    %flag_set/vec4 8;
    %jmp/0xz  T_3.7, 8;
    %pushi/vec4 0, 0, 2;
    %store/vec4 v0x56066795bf50_0, 0, 2;
    %jmp T_3.8;
T_3.7 ;
    %load/vec4 v0x56066795be90_0;
    %flag_set/vec4 8;
    %jmp/0xz  T_3.9, 8;
    %pushi/vec4 2, 0, 2;
    %store/vec4 v0x56066795bf50_0, 0, 2;
    %jmp T_3.10;
T_3.9 ;
    %pushi/vec4 1, 0, 2;
    %store/vec4 v0x56066795bf50_0, 0, 2;
T_3.10 ;
T_3.8 ;
    %jmp T_3.4;
T_3.2 ;
    %load/vec4 v0x56066795c270_0;
    %load/vec4 v0x56066795baf0_0;
    %or;
    %flag_set/vec4 8;
    %jmp/0xz  T_3.11, 8;
    %pushi/vec4 0, 0, 2;
    %store/vec4 v0x56066795bf50_0, 0, 2;
    %jmp T_3.12;
T_3.11 ;
    %load/vec4 v0x56066795be90_0;
    %flag_set/vec4 8;
    %jmp/0xz  T_3.13, 8;
    %pushi/vec4 1, 0, 2;
    %store/vec4 v0x56066795bf50_0, 0, 2;
    %jmp T_3.14;
T_3.13 ;
    %pushi/vec4 2, 0, 2;
    %store/vec4 v0x56066795bf50_0, 0, 2;
T_3.14 ;
T_3.12 ;
    %jmp T_3.4;
T_3.4 ;
    %pop/vec4 1;
    %jmp T_3;
    .thread T_3, $push;
    .scope S_0x5606678fe490;
T_4 ;
    %wait E_0x560667922210;
    %load/vec4 v0x56066795c030_0;
    %load/vec4 v0x56066795baf0_0;
    %or;
    %flag_set/vec4 8;
    %jmp/0xz  T_4.0, 8;
    %pushi/vec4 0, 0, 16;
    %assign/vec4 v0x56066795c660_0, 0;
    %pushi/vec4 0, 0, 16;
    %assign/vec4 v0x56066795bcf0_0, 0;
    %jmp T_4.1;
T_4.0 ;
    %load/vec4 v0x56066795c330_0;
    %cmpi/e 1, 0, 2;
    %flag_get/vec4 4;
    %jmp/0 T_4.4, 4;
    %load/vec4 v0x56066795bf50_0;
    %pushi/vec4 2, 0, 2;
    %cmp/e;
    %flag_get/vec4 4;
    %and;
T_4.4;
    %flag_set/vec4 8;
    %jmp/0xz  T_4.2, 8;
    %load/vec4 v0x56066795c660_0;
    %assign/vec4 v0x56066795bcf0_0, 0;
T_4.2 ;
    %load/vec4 v0x56066795c520_0;
    %flag_set/vec4 9;
    %flag_get/vec4 9;
    %jmp/0 T_4.7, 9;
    %load/vec4 v0x56066795c330_0;
    %cmpi/e 1, 0, 2;
    %flag_get/vec4 4;
    %jmp/1 T_4.8, 4;
    %load/vec4 v0x56066795c330_0;
    %pushi/vec4 2, 0, 2;
    %cmp/e;
    %flag_get/vec4 4;
    %or;
T_4.8;
    %and;
T_4.7;
    %flag_set/vec4 8;
    %jmp/0xz  T_4.5, 8;
    %load/vec4 v0x56066795c660_0;
    %addi 1, 0, 16;
    %assign/vec4 v0x56066795c660_0, 0;
T_4.5 ;
T_4.1 ;
    %jmp T_4;
    .thread T_4;
    .scope S_0x5606678fe490;
T_5 ;
    %wait E_0x56066793a8b0;
    %load/vec4 v0x56066795c660_0;
    %store/vec4 v0x56066795c700_0, 0, 16;
    %load/vec4 v0x56066795c330_0;
    %dup/vec4;
    %pushi/vec4 0, 0, 2;
    %cmp/u;
    %jmp/1 T_5.0, 6;
    %dup/vec4;
    %pushi/vec4 1, 0, 2;
    %cmp/u;
    %jmp/1 T_5.1, 6;
    %dup/vec4;
    %pushi/vec4 2, 0, 2;
    %cmp/u;
    %jmp/1 T_5.2, 6;
    %load/vec4 v0x56066795c660_0;
    %store/vec4 v0x56066795c700_0, 0, 16;
    %jmp T_5.4;
T_5.0 ;
    %pushi/vec4 0, 0, 16;
    %store/vec4 v0x56066795c700_0, 0, 16;
    %jmp T_5.4;
T_5.1 ;
    %load/vec4 v0x56066795c660_0;
    %store/vec4 v0x56066795c700_0, 0, 16;
    %jmp T_5.4;
T_5.2 ;
    %load/vec4 v0x56066795bcf0_0;
    %store/vec4 v0x56066795c700_0, 0, 16;
    %jmp T_5.4;
T_5.4 ;
    %pop/vec4 1;
    %jmp T_5;
    .thread T_5, $push;
# The file index is used to find the file name in the following table.
:file_names 4;
    "N/A";
    "<interactive>";
    "digital_stopwatch.v";
    "./tick_divider/tick_divider.v";
